<?xml version="1.0" encoding="UTF-8"?>
<!-- Generated by org.testng.reporters.JUnitReportReporter -->
<testsuite skipped="0" hostname="LAPTOP-M8Q372UB" name="loginTest" tests="1" failures="0" timestamp="23 Mar 2021 20:29:21 GMT" time="3.055" errors="0">
  <testcase name="loginTest" time="3.055" classname="loginTest"/>
</testsuite> <!-- loginTest -->
