<?xml version="1.0" encoding="UTF-8"?>
<!-- Generated by org.testng.reporters.JUnitReportReporter -->
<testsuite skipped="0" hostname="LAPTOP-M8Q372UB" name="MavenTestNGClass" tests="1" failures="0" timestamp="22 Mar 2021 16:56:55 GMT" time="0.008" errors="0">
  <testcase name="setup" time="0.008" classname="MavenTestNGClass"/>
</testsuite> <!-- MavenTestNGClass -->
