<?xml version="1.0" encoding="UTF-8"?>
<!-- Generated by org.testng.reporters.JUnitReportReporter -->
<testsuite skipped="0" hostname="LAPTOP-M8Q372UB" name="searchButtonTest" tests="1" failures="0" timestamp="23 Mar 2021 20:54:48 GMT" time="7.386" errors="0">
  <testcase name="gittiGidiyor" time="7.386" classname="searchButtonTest"/>
</testsuite> <!-- searchButtonTest -->
