<?xml version="1.0" encoding="UTF-8"?>
<!-- Generated by org.testng.reporters.JUnitReportReporter -->
<testsuite skipped="0" hostname="LAPTOP-M8Q372UB" name="MavenTestNGClass" tests="1" failures="0" timestamp="23 Mar 2021 18:07:05 GMT" time="0.006" errors="0">
  <testcase name="setup" time="0.006" classname="MavenTestNGClass"/>
</testsuite> <!-- MavenTestNGClass -->
