<?xml version="1.0" encoding="UTF-8"?>
<!-- Generated by org.testng.reporters.JUnitReportReporter -->
<testsuite skipped="0" hostname="LAPTOP-M8Q372UB" name="searchButtonTest" tests="1" failures="0" timestamp="23 Mar 2021 18:42:42 GMT" time="9.334" errors="0">
  <testcase name="gittiGidiyor" time="9.334" classname="searchButtonTest"/>
</testsuite> <!-- searchButtonTest -->
